<?xml version="1.0" encoding="UTF-8"?>
<testsuite name="com.galvanize.CellPhoneTest" tests="1" skipped="0" failures="0" errors="0" timestamp="2023-01-18T22:42:52" hostname="Edgars-MacBook-Air.local" time="0.069">
  <properties/>
  <testcase name="verifyEveryTickChecksIfThereAreRemainingMinutesOnTheCard()" classname="com.galvanize.CellPhoneTest" time="0.069"/>
  <system-out><![CDATA[]]></system-out>
  <system-err><![CDATA[]]></system-err>
</testsuite>
