<?xml version="1.0" encoding="UTF-8"?>
<testsuite name="com.galvanize.CellPhoneTest" tests="7" skipped="0" failures="0" errors="0" timestamp="2023-01-18T22:12:46" hostname="Edgars-MacBook-Air.local" time="0.087">
  <properties/>
  <testcase name="verifyRetrieveCellPhoneCallHistory()" classname="com.galvanize.CellPhoneTest" time="0.04"/>
  <testcase name="verifyCellPhoneCanTakeACallingCard()" classname="com.galvanize.CellPhoneTest" time="0.002"/>
  <testcase name="verifyCellPhoneCanStartACall()" classname="com.galvanize.CellPhoneTest" time="0.002"/>
  <testcase name="verifyCellPhoneCanEndACall()" classname="com.galvanize.CellPhoneTest" time="0.023"/>
  <testcase name="verifyCallDurationCanBeIncludedInCallHistory()" classname="com.galvanize.CellPhoneTest" time="0.001"/>
  <testcase name="verifyMinutesCanTickFromACellPhone()" classname="com.galvanize.CellPhoneTest" time="0.002"/>
  <testcase name="verifyCanCheckThereIsAnActiveCall()" classname="com.galvanize.CellPhoneTest" time="0.0"/>
  <system-out><![CDATA[]]></system-out>
  <system-err><![CDATA[]]></system-err>
</testsuite>
