<?xml version="1.0" encoding="UTF-8"?>
<testsuite name="com.galvanize.CellPhoneTest" tests="1" skipped="0" failures="0" errors="0" timestamp="2023-01-18T17:57:11" hostname="Edgars-MacBook-Air.local" time="0.034">
  <properties/>
  <testcase name="verifyCellPhoneCanTakeACallingCard()" classname="com.galvanize.CellPhoneTest" time="0.034"/>
  <system-out><![CDATA[]]></system-out>
  <system-err><![CDATA[]]></system-err>
</testsuite>
